0 verbose cli /opt/homebrew/Cellar/node/23.11.0/bin/node /opt/homebrew/bin/npm
1 info using npm@11.6.0
2 info using node@v23.11.0
3 silly config load:file:/opt/homebrew/lib/node_modules/npm/npmrc
4 silly config load:file:/Users/pipegonzalez/.npmrc
5 silly config load:file:/opt/homebrew/etc/npmrc
6 verbose title npm install lucide-react
7 verbose argv "install" "lucide-react" "--cache" "/Users/pipegonzalez/Developer/privacy-shop/.npm-cache"
8 verbose logfile logs-max:10 dir:/Users/pipegonzalez/Developer/privacy-shop/.npm-cache/_logs/2026-01-18T22_55_48_154Z-
9 verbose logfile /Users/pipegonzalez/Developer/privacy-shop/.npm-cache/_logs/2026-01-18T22_55_48_154Z-debug-0.log
10 silly logfile done cleaning log files
11 silly packumentCache heap:4345298944 maxSize:1086324736 maxEntrySize:543162368
12 silly idealTree buildDeps
13 silly fetch manifest lucide-react@*
14 silly packumentCache full:https://registry.npmjs.org/lucide-react cache-miss
15 http fetch GET 200 https://registry.npmjs.org/lucide-react 131ms (cache miss)
16 silly packumentCache full:https://registry.npmjs.org/lucide-react set size:undefined disposed:false
17 silly placeDep ROOT lucide-react@0.562.0 OK for:  want: *
18 silly reify moves {}
19 http cache lucide-react@https://registry.npmjs.org/lucide-react/-/lucide-react-0.562.0.tgz 0ms (cache hit)
20 silly tarball no local data for lucide-react@https://registry.npmjs.org/lucide-react/-/lucide-react-0.562.0.tgz. Extracting by manifest.
21 http fetch GET 200 https://registry.npmjs.org/npm 221ms
22 http fetch GET 200 https://registry.npmjs.org/lucide-react/-/lucide-react-0.562.0.tgz 438ms (cache miss)
23 silly ADD node_modules/lucide-react
24 verbose cwd /Users/pipegonzalez
25 verbose os Darwin 25.2.0
26 verbose node v23.11.0
27 verbose npm  v11.6.0
28 notice
28 notice New [33mminor[39m version of npm available! [33m11.6.0[39m -> [34m11.7.0[39m
28 notice Changelog: [34mhttps://github.com/npm/cli/releases/tag/v11.7.0[39m
28 notice To update run: [4mnpm install -g npm@11.7.0[24m
28 notice  { force: true, [Symbol(proc-log.meta)]: true }
29 verbose exit 0
30 info ok
